This file contains any messages produced by compilers while
running configure, to aid debugging if configure makes a mistake.

It was created by R configure 3.3.2, which was
generated by GNU Autoconf 2.69.  Invocation command line was

  $ ./configure 

## --------- ##
## Platform. ##
## --------- ##

hostname = stehayespc
uname -m = x86_64
uname -r = 3.4.7.x86_64
uname -s = MSYS_NT-10.0-22621
uname -v = 2023-07-14 16:57 UTC

/usr/bin/uname -p = unknown
/bin/uname -X     = unknown

/bin/arch              = x86_64
/usr/bin/arch -k       = unknown
/usr/convex/getsysinfo = unknown
/usr/bin/hostinfo      = unknown
/bin/machine           = unknown
/usr/bin/oslevel       = unknown
/bin/universe          = unknown

PATH: /c/MinGW/bin
PATH: /c/MinGW/bin/gcc
PATH: /usr/local/bin
PATH: /usr/bin
PATH: /bin
PATH: /opt/bin
PATH: /c/Windows/System32
PATH: /c/Windows
PATH: /c/Windows/System32/Wbem
PATH: /c/Windows/System32/WindowsPowerShell/v1.0/
PATH: /c/progra~1/git/cmd
PATH: /usr/bin/site_perl
PATH: /usr/bin/vendor_perl
PATH: /usr/bin/core_perl


## ----------- ##
## Core tests. ##
## ----------- ##

configure:3396: loading site script /etc/config.site
| # This file is in public domain.
| # Original author: Karlson2k (Evgeny Grin)
| # Written for MSys2 to help running 'configure' scripts
| 
| # Defaults for MSys2/MinGW64-targeted programs
| 
| # Set proper selfname on bash and fallback to default name on other shells
| test -n "${BASH_SOURCE}" 2>/dev/null && config_site_me="${BASH_SOURCE[0]##*/}" || config_site_me=config.site
| 
| # Set default 'host' to speedup configure
| if test -z "$build_alias"; then
|   build_alias="${MSYSTEM_CHOST}"  && \
|     ${as_echo-echo} "$config_site_me:${as_lineno-$LINENO}: default build_alias set to $build_alias" >&5
| fi
| 
| # Set default 'prefix'
| if ( test -z "$prefix" || test "x$prefix" = "xNONE" ) && \
|     ( test -z "$exec_prefix" || test "x$exec_prefix" = "xNONE" ); then
|   prefix="${MSYSTEM_PREFIX}" && \
|     ${as_echo-echo} "$config_site_me:${as_lineno-$LINENO}: default prefix set to $prefix" >&5
| fi
config.site:13: default build_alias set to x86_64-pc-msys
config.site:20: default prefix set to /usr
configure:3565: checking build system type
configure:3579: result: x86_64-pc-msys
configure:3599: checking host system type
configure:3612: result: x86_64-pc-msys
configure:4310: checking for pwd
configure:4328: found /usr/bin/pwd
configure:4341: result: /usr/bin/pwd
configure:4349: checking whether builddir is srcdir
configure:4357: result: yes
configure:4362: checking for working aclocal
configure:4370: result: missing
configure:4375: checking for working autoconf
configure:4379: result: found
configure:4388: checking for working automake
configure:4396: result: missing
configure:4401: checking for working autoheader
configure:4409: result: missing
configure:4414: checking whether ln -s works
configure:4421: result: no, using cp -pR
configure:4429: checking for bison
configure:4445: found /usr/bin/bison
configure:4456: result: bison -y
configure:4472: checking for ar
configure:4488: found /c/MinGW/bin/ar
configure:4499: result: ar
configure:4527: checking for a BSD-compatible install
configure:4595: result: /usr/bin/install -c
configure:4630: checking for sed
configure:4649: found /usr/bin/sed
configure:4661: result: /usr/bin/sed
configure:4679: checking for which
configure:4697: found /usr/bin/which
configure:4709: result: /usr/bin/which
configure:4729: checking for less
configure:4747: found /usr/bin/less
configure:4759: result: /usr/bin/less
configure:4782: checking for gtar
configure:4815: result: no
configure:4782: checking for gnutar
configure:4815: result: no
configure:4782: checking for tar
configure:4800: found /usr/bin/tar
configure:4812: result: /usr/bin/tar
configure:4834: checking for tex
configure:4867: result: no
configure:4879: checking for pdftex
configure:4912: result: no
configure:4922: WARNING: you cannot build PDF versions of the R manuals
configure:4929: checking for pdflatex
configure:4962: result: no
configure:4972: WARNING: you cannot build PDF versions of vignettes and help pages
configure:4979: checking for makeindex
configure:5012: result: no
configure:5024: checking for texi2any
configure:5042: found /usr/bin/texi2any
configure:5054: result: /usr/bin/texi2any
configure:5066: checking whether texi2any version is at least 5.1
configure:5088: result: yes
configure:5095: checking for ginstall-info
configure:5128: result: no
configure:5095: checking for install-info
configure:5113: found /usr/bin/install-info
configure:5125: result: /usr/bin/install-info
configure:5157: checking for texi2dvi
configure:5175: found /usr/bin/texi2dvi
configure:5187: result: /usr/bin/texi2dvi
configure:5207: checking for kpsewhich
configure:5240: result: no
configure:5249: checking for latex inconsolata package
configure:5282: checking for unzip
configure:5300: found /usr/bin/unzip
configure:5312: result: /usr/bin/unzip
configure:5328: checking for zip
configure:5346: found /usr/bin/zip
configure:5358: result: /usr/bin/zip
configure:5374: checking for gzip
configure:5392: found /usr/bin/gzip
configure:5404: result: /usr/bin/gzip
configure:5420: checking for bzip2
configure:5438: found /usr/bin/bzip2
configure:5450: result: /usr/bin/bzip2
configure:5468: checking for firefox
configure:5501: result: no
configure:5468: checking for mozilla
configure:5501: result: no
configure:5468: checking for galeon
configure:5501: result: no
configure:5468: checking for opera
configure:5501: result: no
configure:5468: checking for xdg-open
configure:5501: result: no
configure:5468: checking for kfmclient
configure:5501: result: no
configure:5468: checking for gnome-moz-remote
configure:5501: result: no
configure:5468: checking for open
configure:5501: result: no
configure:5512: WARNING: I could not determine a browser
configure:5525: checking for acroread
configure:5558: result: no
configure:5525: checking for acroread4
configure:5558: result: no
configure:5525: checking for xdg-open
configure:5558: result: no
configure:5525: checking for evince
configure:5558: result: no
configure:5525: checking for xpdf
configure:5558: result: no
configure:5525: checking for gv
configure:5558: result: no
configure:5525: checking for gnome-gv
configure:5558: result: no
configure:5525: checking for ggv
configure:5558: result: no
configure:5525: checking for okular
configure:5558: result: no
configure:5525: checking for kpdf
configure:5558: result: no
configure:5525: checking for open
configure:5558: result: no
configure:5525: checking for gpdf
configure:5558: result: no
configure:5525: checking for kghostview
configure:5558: result: no
configure:5568: WARNING: I could not determine a PDF viewer
configure:5576: checking for notangle
configure:5607: result: false
configure:5618: checking for realpath
configure:5636: found /usr/bin/realpath
configure:5649: result: /usr/bin/realpath
configure:5662: checking for pkg-config
configure:5681: found /usr/bin/pkg-config
configure:5693: result: /usr/bin/pkg-config
configure:5753: checking for gcc
configure:5769: found /c/MinGW/bin/gcc
configure:5780: result: gcc
configure:6009: checking for C compiler version
configure:6018: gcc --version >&5
gcc.exe (MinGW.org GCC-6.3.0-1) 6.3.0
Copyright (C) 2016 Free Software Foundation, Inc.
This is free software; see the source for copying conditions.  There is NO
warranty; not even for MERCHANTABILITY or FITNESS FOR A PARTICULAR PURPOSE.

configure:6029: $? = 0
configure:6018: gcc -v >&5
Using built-in specs.
COLLECT_GCC=C:\MinGW\bin\gcc.exe
COLLECT_LTO_WRAPPER=c:/mingw/bin/../libexec/gcc/mingw32/6.3.0/lto-wrapper.exe
Target: mingw32
Configured with: ../src/gcc-6.3.0/configure --build=x86_64-pc-linux-gnu --host=mingw32 --target=mingw32 --with-gmp=/mingw --with-mpfr --with-mpc=/mingw --with-isl=/mingw --prefix=/mingw --disable-win32-registry --with-arch=i586 --with-tune=generic --enable-languages=c,c++,objc,obj-c++,fortran,ada --with-pkgversion='MinGW.org GCC-6.3.0-1' --enable-static --enable-shared --enable-threads --with-dwarf2 --disable-sjlj-exceptions --enable-version-specific-runtime-libs --with-libiconv-prefix=/mingw --with-libintl-prefix=/mingw --enable-libstdcxx-debug --enable-libgomp --disable-libvtv --enable-nls
Thread model: win32
gcc version 6.3.0 (MinGW.org GCC-6.3.0-1) 
configure:6029: $? = 0
configure:6018: gcc -V >&5
gcc.exe: error: unrecognized command line option '-V'
gcc.exe: fatal error: no input files
compilation terminated.
configure:6029: $? = 1
configure:6018: gcc -qversion >&5
gcc.exe: error: unrecognized command line option '-qversion'; did you mean '--version'?
gcc.exe: fatal error: no input files
compilation terminated.
configure:6029: $? = 1
configure:6049: checking whether the C compiler works
configure:6071: gcc  -I/usr/local/include -L/usr/local/lib conftest.c  >&5
configure:6075: $? = 0
configure:6123: result: yes
configure:6126: checking for C compiler default output file name
configure:6128: result: a.exe
configure:6134: checking for suffix of executables
configure:6141: gcc -o conftest.exe  -I/usr/local/include -L/usr/local/lib conftest.c  >&5
configure:6145: $? = 0
configure:6167: result: .exe
configure:6189: checking whether we are cross compiling
configure:6197: gcc -o conftest.exe  -I/usr/local/include -L/usr/local/lib conftest.c  >&5
configure:6201: $? = 0
configure:6208: ./conftest.exe
configure:6212: $? = 0
configure:6227: result: no
configure:6232: checking for suffix of object files
configure:6254: gcc -c  -I/usr/local/include conftest.c >&5
configure:6258: $? = 0
configure:6279: result: o
configure:6283: checking whether we are using the GNU C compiler
configure:6302: gcc -c  -I/usr/local/include conftest.c >&5
configure:6302: $? = 0
configure:6311: result: yes
configure:6320: checking whether gcc accepts -g
configure:6340: gcc -c -g -I/usr/local/include conftest.c >&5
configure:6340: $? = 0
configure:6381: result: yes
configure:6398: checking for gcc option to accept ISO C89
configure:6461: gcc  -c -g -O2 -I/usr/local/include conftest.c >&5
configure:6461: $? = 0
configure:6474: result: none needed
configure:6500: checking how to run the C preprocessor
configure:6531: gcc -E -I/usr/local/include conftest.c
configure:6531: $? = 0
configure:6545: gcc -E -I/usr/local/include conftest.c
conftest.c:17:28: fatal error: ac_nonexistent.h: No such file or directory
 #include <ac_nonexistent.h>
                            ^
compilation terminated.
configure:6545: $? = 1
configure: failed program was:
| /* confdefs.h */
| #define PACKAGE_NAME "R"
| #define PACKAGE_TARNAME "R"
| #define PACKAGE_VERSION "3.3.2"
| #define PACKAGE_STRING "R 3.3.2"
| #define PACKAGE_BUGREPORT "https://bugs.r-project.org"
| #define PACKAGE_URL "https://www.r-project.org"
| #define PACKAGE "R"
| #define VERSION "3.3.2"
| #define R_PLATFORM "x86_64-pc-msys"
| #define R_CPU "x86_64"
| #define R_VENDOR "pc"
| #define R_OS "msys"
| #define Unix 1
| #define R_ARCH ""
| /* end confdefs.h.  */
| #include <ac_nonexistent.h>
configure:6570: result: gcc -E
configure:6590: gcc -E -I/usr/local/include conftest.c
configure:6590: $? = 0
configure:6604: gcc -E -I/usr/local/include conftest.c
conftest.c:17:28: fatal error: ac_nonexistent.h: No such file or directory
 #include <ac_nonexistent.h>
                            ^
compilation terminated.
configure:6604: $? = 1
configure: failed program was:
| /* confdefs.h */
| #define PACKAGE_NAME "R"
| #define PACKAGE_TARNAME "R"
| #define PACKAGE_VERSION "3.3.2"
| #define PACKAGE_STRING "R 3.3.2"
| #define PACKAGE_BUGREPORT "https://bugs.r-project.org"
| #define PACKAGE_URL "https://www.r-project.org"
| #define PACKAGE "R"
| #define VERSION "3.3.2"
| #define R_PLATFORM "x86_64-pc-msys"
| #define R_CPU "x86_64"
| #define R_VENDOR "pc"
| #define R_OS "msys"
| #define Unix 1
| #define R_ARCH ""
| /* end confdefs.h.  */
| #include <ac_nonexistent.h>
configure:6633: checking for grep that handles long lines and -e
configure:6691: result: /usr/bin/grep
configure:6696: checking for egrep
configure:6758: result: /usr/bin/grep -E
configure:6764: checking whether gcc needs -traditional
conftest.c:17:19: fatal error: sgtty.h: No such file or directory
 #include <sgtty.h>
                   ^
compilation terminated.
conftest.c:17:20: fatal error: termio.h: No such file or directory
 #include <termio.h>
                    ^
compilation terminated.
configure:6798: result: no
configure:6805: checking for ANSI C header files
configure:6825: gcc -c -g -O2 -I/usr/local/include conftest.c >&5
configure:6825: $? = 0
configure:6898: gcc -o conftest.exe -g -O2 -I/usr/local/include -L/usr/local/lib conftest.c  >&5
configure:6898: $? = 0
configure:6898: ./conftest.exe
configure:6898: $? = 0
configure:6909: result: yes
configure:6922: checking for sys/types.h
configure:6922: gcc -c -g -O2 -I/usr/local/include conftest.c >&5
configure:6922: $? = 0
configure:6922: result: yes
configure:6922: checking for sys/stat.h
configure:6922: gcc -c -g -O2 -I/usr/local/include conftest.c >&5
configure:6922: $? = 0
configure:6922: result: yes
configure:6922: checking for stdlib.h
configure:6922: gcc -c -g -O2 -I/usr/local/include conftest.c >&5
configure:6922: $? = 0
configure:6922: result: yes
configure:6922: checking for string.h
configure:6922: gcc -c -g -O2 -I/usr/local/include conftest.c >&5
configure:6922: $? = 0
configure:6922: result: yes
configure:6922: checking for memory.h
configure:6922: gcc -c -g -O2 -I/usr/local/include conftest.c >&5
configure:6922: $? = 0
configure:6922: result: yes
configure:6922: checking for strings.h
configure:6922: gcc -c -g -O2 -I/usr/local/include conftest.c >&5
configure:6922: $? = 0
configure:6922: result: yes
configure:6922: checking for inttypes.h
configure:6922: gcc -c -g -O2 -I/usr/local/include conftest.c >&5
configure:6922: $? = 0
configure:6922: result: yes
configure:6922: checking for stdint.h
configure:6922: gcc -c -g -O2 -I/usr/local/include conftest.c >&5
configure:6922: $? = 0
configure:6922: result: yes
configure:6922: checking for unistd.h
configure:6922: gcc -c -g -O2 -I/usr/local/include conftest.c >&5
configure:6922: $? = 0
configure:6922: result: yes
configure:6935: checking minix/config.h usability
configure:6935: gcc -c -g -O2 -I/usr/local/include conftest.c >&5
conftest.c:60:26: fatal error: minix/config.h: No such file or directory
 #include <minix/config.h>
                          ^
compilation terminated.
configure:6935: $? = 1
configure: failed program was:
| /* confdefs.h */
| #define PACKAGE_NAME "R"
| #define PACKAGE_TARNAME "R"
| #define PACKAGE_VERSION "3.3.2"
| #define PACKAGE_STRING "R 3.3.2"
| #define PACKAGE_BUGREPORT "https://bugs.r-project.org"
| #define PACKAGE_URL "https://www.r-project.org"
| #define PACKAGE "R"
| #define VERSION "3.3.2"
| #define R_PLATFORM "x86_64-pc-msys"
| #define R_CPU "x86_64"
| #define R_VENDOR "pc"
| #define R_OS "msys"
| #define Unix 1
| #define R_ARCH ""
| #define STDC_HEADERS 1
| #define HAVE_SYS_TYPES_H 1
| #define HAVE_SYS_STAT_H 1
| #define HAVE_STDLIB_H 1
| #define HAVE_STRING_H 1
| #define HAVE_MEMORY_H 1
| #define HAVE_STRINGS_H 1
| #define HAVE_INTTYPES_H 1
| #define HAVE_STDINT_H 1
| #define HAVE_UNISTD_H 1
| /* end confdefs.h.  */
| #include <stdio.h>
| #ifdef HAVE_SYS_TYPES_H
| # include <sys/types.h>
| #endif
| #ifdef HAVE_SYS_STAT_H
| # include <sys/stat.h>
| #endif
| #ifdef STDC_HEADERS
| # include <stdlib.h>
| # include <stddef.h>
| #else
| # ifdef HAVE_STDLIB_H
| #  include <stdlib.h>
| # endif
| #endif
| #ifdef HAVE_STRING_H
| # if !defined STDC_HEADERS && defined HAVE_MEMORY_H
| #  include <memory.h>
| # endif
| # include <string.h>
| #endif
| #ifdef HAVE_STRINGS_H
| # include <strings.h>
| #endif
| #ifdef HAVE_INTTYPES_H
| # include <inttypes.h>
| #endif
| #ifdef HAVE_STDINT_H
| # include <stdint.h>
| #endif
| #ifdef HAVE_UNISTD_H
| # include <unistd.h>
| #endif
| #include <minix/config.h>
configure:6935: result: no
configure:6935: checking minix/config.h presence
configure:6935: gcc -E -I/usr/local/include conftest.c
conftest.c:27:26: fatal error: minix/config.h: No such file or directory
 #include <minix/config.h>
                          ^
compilation terminated.
configure:6935: $? = 1
configure: failed program was:
| /* confdefs.h */
| #define PACKAGE_NAME "R"
| #define PACKAGE_TARNAME "R"
| #define PACKAGE_VERSION "3.3.2"
| #define PACKAGE_STRING "R 3.3.2"
| #define PACKAGE_BUGREPORT "https://bugs.r-project.org"
| #define PACKAGE_URL "https://www.r-project.org"
| #define PACKAGE "R"
| #define VERSION "3.3.2"
| #define R_PLATFORM "x86_64-pc-msys"
| #define R_CPU "x86_64"
| #define R_VENDOR "pc"
| #define R_OS "msys"
| #define Unix 1
| #define R_ARCH ""
| #define STDC_HEADERS 1
| #define HAVE_SYS_TYPES_H 1
| #define HAVE_SYS_STAT_H 1
| #define HAVE_STDLIB_H 1
| #define HAVE_STRING_H 1
| #define HAVE_MEMORY_H 1
| #define HAVE_STRINGS_H 1
| #define HAVE_INTTYPES_H 1
| #define HAVE_STDINT_H 1
| #define HAVE_UNISTD_H 1
| /* end confdefs.h.  */
| #include <minix/config.h>
configure:6935: result: no
configure:6935: checking for minix/config.h
configure:6935: result: no
configure:6956: checking whether it is safe to define __EXTENSIONS__
configure:6974: gcc -c -g -O2 -I/usr/local/include conftest.c >&5
configure:6974: $? = 0
configure:6981: result: yes
configure:7002: checking how to run the C preprocessor
configure:7072: result: gcc -E
configure:7092: gcc -E -I/usr/local/include conftest.c
configure:7092: $? = 0
configure:7106: gcc -E -I/usr/local/include conftest.c
conftest.c:32:28: fatal error: ac_nonexistent.h: No such file or directory
 #include <ac_nonexistent.h>
                            ^
compilation terminated.
configure:7106: $? = 1
configure: failed program was:
| /* confdefs.h */
| #define PACKAGE_NAME "R"
| #define PACKAGE_TARNAME "R"
| #define PACKAGE_VERSION "3.3.2"
| #define PACKAGE_STRING "R 3.3.2"
| #define PACKAGE_BUGREPORT "https://bugs.r-project.org"
| #define PACKAGE_URL "https://www.r-project.org"
| #define PACKAGE "R"
| #define VERSION "3.3.2"
| #define R_PLATFORM "x86_64-pc-msys"
| #define R_CPU "x86_64"
| #define R_VENDOR "pc"
| #define R_OS "msys"
| #define Unix 1
| #define R_ARCH ""
| #define STDC_HEADERS 1
| #define HAVE_SYS_TYPES_H 1
| #define HAVE_SYS_STAT_H 1
| #define HAVE_STDLIB_H 1
| #define HAVE_STRING_H 1
| #define HAVE_MEMORY_H 1
| #define HAVE_STRINGS_H 1
| #define HAVE_INTTYPES_H 1
| #define HAVE_STDINT_H 1
| #define HAVE_UNISTD_H 1
| #define __EXTENSIONS__ 1
| #define _ALL_SOURCE 1
| #define _GNU_SOURCE 1
| #define _POSIX_PTHREAD_SEMANTICS 1
| #define _TANDEM_SOURCE 1
| /* end confdefs.h.  */
| #include <ac_nonexistent.h>
configure:7203: checking for f95
configure:7233: result: no
configure:7203: checking for fort
configure:7233: result: no
configure:7203: checking for xlf95
configure:7233: result: no
configure:7203: checking for ifort
configure:7233: result: no
configure:7203: checking for ifc
configure:7233: result: no
configure:7203: checking for efc
configure:7233: result: no
configure:7203: checking for pgf95
configure:7233: result: no
configure:7203: checking for lf95
configure:7233: result: no
configure:7203: checking for gfortran
configure:7219: found /c/MinGW/bin/gfortran
configure:7230: result: gfortran
configure:7351: checking for Fortran 77 compiler version
configure:7360: gfortran --version >&5
GNU Fortran (MinGW.org GCC-6.3.0-1) 6.3.0
Copyright (C) 2016 Free Software Foundation, Inc.
This is free software; see the source for copying conditions.  There is NO
warranty; not even for MERCHANTABILITY or FITNESS FOR A PARTICULAR PURPOSE.

configure:7371: $? = 0
configure:7360: gfortran -v >&5
Using built-in specs.
COLLECT_GCC=C:\MinGW\bin\gfortran.exe
COLLECT_LTO_WRAPPER=c:/mingw/bin/../libexec/gcc/mingw32/6.3.0/lto-wrapper.exe
Target: mingw32
Configured with: ../src/gcc-6.3.0/configure --build=x86_64-pc-linux-gnu --host=mingw32 --with-gmp=/mingw --with-mpfr=/mingw --with-mpc=/mingw --with-isl=/mingw --prefix=/mingw --disable-win32-registry --target=mingw32 --with-arch=i586 --enable-languages=c,c++,objc,obj-c++,fortran,ada --with-pkgversion='MinGW.org GCC-6.3.0-1' --enable-static --enable-shared --enable-threads --with-dwarf2 --disable-sjlj-exceptions --enable-version-specific-runtime-libs --with-libiconv-prefix=/mingw --with-libintl-prefix=/mingw --enable-libstdcxx-debug --with-tune=generic --enable-libgomp --disable-libvtv --enable-nls
Thread model: win32
gcc version 6.3.0 (MinGW.org GCC-6.3.0-1) 
configure:7371: $? = 0
configure:7360: gfortran -V >&5
gfortran.exe: error: unrecognized command line option '-V'
gfortran.exe: fatal error: no input files
compilation terminated.
configure:7371: $? = 1
configure:7360: gfortran -qversion >&5
gfortran.exe: error: unrecognized command line option '-qversion'; did you mean '--version'?
gfortran.exe: fatal error: no input files
compilation terminated.
configure:7371: $? = 1
configure:7380: checking whether we are using the GNU Fortran 77 compiler
configure:7393: gfortran -c  conftest.F >&5
configure:7393: $? = 0
configure:7402: result: yes
configure:7408: checking whether gfortran accepts -g
configure:7419: gfortran -c -g conftest.f >&5
configure:7419: $? = 0
configure:7427: result: yes
configure:7518: checking for g++
configure:7534: found /c/MinGW/bin/g++
configure:7545: result: g++
configure:7572: checking for C++ compiler version
configure:7581: g++ --version >&5
g++.exe (MinGW.org GCC-6.3.0-1) 6.3.0
Copyright (C) 2016 Free Software Foundation, Inc.
This is free software; see the source for copying conditions.  There is NO
warranty; not even for MERCHANTABILITY or FITNESS FOR A PARTICULAR PURPOSE.

configure:7592: $? = 0
configure:7581: g++ -v >&5
Using built-in specs.
COLLECT_GCC=C:\MinGW\bin\g++.exe
COLLECT_LTO_WRAPPER=c:/mingw/bin/../libexec/gcc/mingw32/6.3.0/lto-wrapper.exe
Target: mingw32
Configured with: ../src/gcc-6.3.0/configure --build=x86_64-pc-linux-gnu --host=mingw32 --with-gmp=/mingw --with-mpfr=/mingw --with-mpc=/mingw --with-isl=/mingw --prefix=/mingw --disable-win32-registry --target=mingw32 --with-arch=i586 --enable-languages=c,c++,objc,obj-c++,fortran,ada --with-pkgversion='MinGW.org GCC-6.3.0-1' --enable-static --enable-shared --enable-threads --with-dwarf2 --disable-sjlj-exceptions --enable-version-specific-runtime-libs --with-libiconv-prefix=/mingw --with-libintl-prefix=/mingw --enable-libstdcxx-debug --with-tune=generic --enable-libgomp --disable-libvtv --enable-nls
Thread model: win32
gcc version 6.3.0 (MinGW.org GCC-6.3.0-1) 
configure:7592: $? = 0
configure:7581: g++ -V >&5
g++.exe: error: unrecognized command line option '-V'
g++.exe: fatal error: no input files
compilation terminated.
configure:7592: $? = 1
configure:7581: g++ -qversion >&5
g++.exe: error: unrecognized command line option '-qversion'; did you mean '--version'?
g++.exe: fatal error: no input files
compilation terminated.
configure:7592: $? = 1
configure:7596: checking whether we are using the GNU C++ compiler
configure:7615: g++ -c  -I/usr/local/include conftest.cpp >&5
configure:7615: $? = 0
configure:7624: result: yes
configure:7633: checking whether g++ accepts -g
configure:7653: g++ -c -g -I/usr/local/include conftest.cpp >&5
configure:7653: $? = 0
configure:7694: result: yes
configure:7722: checking how to run the C++ preprocessor
configure:7749: g++ -E -I/usr/local/include conftest.cpp
configure:7749: $? = 0
configure:7763: g++ -E -I/usr/local/include conftest.cpp
conftest.cpp:32:28: fatal error: ac_nonexistent.h: No such file or directory
 #include <ac_nonexistent.h>
                            ^
compilation terminated.
configure:7763: $? = 1
configure: failed program was:
| /* confdefs.h */
| #define PACKAGE_NAME "R"
| #define PACKAGE_TARNAME "R"
| #define PACKAGE_VERSION "3.3.2"
| #define PACKAGE_STRING "R 3.3.2"
| #define PACKAGE_BUGREPORT "https://bugs.r-project.org"
| #define PACKAGE_URL "https://www.r-project.org"
| #define PACKAGE "R"
| #define VERSION "3.3.2"
| #define R_PLATFORM "x86_64-pc-msys"
| #define R_CPU "x86_64"
| #define R_VENDOR "pc"
| #define R_OS "msys"
| #define Unix 1
| #define R_ARCH ""
| #define STDC_HEADERS 1
| #define HAVE_SYS_TYPES_H 1
| #define HAVE_SYS_STAT_H 1
| #define HAVE_STDLIB_H 1
| #define HAVE_STRING_H 1
| #define HAVE_MEMORY_H 1
| #define HAVE_STRINGS_H 1
| #define HAVE_INTTYPES_H 1
| #define HAVE_STDINT_H 1
| #define HAVE_UNISTD_H 1
| #define __EXTENSIONS__ 1
| #define _ALL_SOURCE 1
| #define _GNU_SOURCE 1
| #define _POSIX_PTHREAD_SEMANTICS 1
| #define _TANDEM_SOURCE 1
| /* end confdefs.h.  */
| #include <ac_nonexistent.h>
configure:7788: result: g++ -E
configure:7808: g++ -E -I/usr/local/include conftest.cpp
configure:7808: $? = 0
configure:7822: g++ -E -I/usr/local/include conftest.cpp
conftest.cpp:32:28: fatal error: ac_nonexistent.h: No such file or directory
 #include <ac_nonexistent.h>
                            ^
compilation terminated.
configure:7822: $? = 1
configure: failed program was:
| /* confdefs.h */
| #define PACKAGE_NAME "R"
| #define PACKAGE_TARNAME "R"
| #define PACKAGE_VERSION "3.3.2"
| #define PACKAGE_STRING "R 3.3.2"
| #define PACKAGE_BUGREPORT "https://bugs.r-project.org"
| #define PACKAGE_URL "https://www.r-project.org"
| #define PACKAGE "R"
| #define VERSION "3.3.2"
| #define R_PLATFORM "x86_64-pc-msys"
| #define R_CPU "x86_64"
| #define R_VENDOR "pc"
| #define R_OS "msys"
| #define Unix 1
| #define R_ARCH ""
| #define STDC_HEADERS 1
| #define HAVE_SYS_TYPES_H 1
| #define HAVE_SYS_STAT_H 1
| #define HAVE_STDLIB_H 1
| #define HAVE_STRING_H 1
| #define HAVE_MEMORY_H 1
| #define HAVE_STRINGS_H 1
| #define HAVE_INTTYPES_H 1
| #define HAVE_STDINT_H 1
| #define HAVE_UNISTD_H 1
| #define __EXTENSIONS__ 1
| #define _ALL_SOURCE 1
| #define _GNU_SOURCE 1
| #define _POSIX_PTHREAD_SEMANTICS 1
| #define _TANDEM_SOURCE 1
| /* end confdefs.h.  */
| #include <ac_nonexistent.h>
configure:7857: checking whether __attribute__((visibility())) is supported
configure:7871: gcc -Werror -S conftest.c -o conftest.s 1>&5
conftest.c:2:1: error: visibility attribute not supported in this configuration; ignored [-Werror=attributes]
 int bar __attribute__ ((visibility ("default"))) = 1;
 ^~~
cc1.exe: all warnings being treated as errors
configure:7874: $? = 1
configure:7883: result: no
configure:7894: checking whether gcc accepts -fvisibility
configure:7910: gcc -c -g -O2 -fvisibility=hidden -I/usr/local/include conftest.c >&5
configure:7910: $? = 0
configure:7917: result: yes
configure:7942: checking whether gfortran accepts -fvisibility
configure:7952: gfortran -c -g -O2 -fvisibility=hidden conftest.f >&5
configure:7952: $? = 0
configure:7959: result: yes
configure:8037: checking for gcc
configure:8053: found /c/MinGW/bin/gcc
configure:8064: result: gcc
configure:8089: checking for Objective C compiler version
configure:8098: gcc --version >&5
gcc.exe (MinGW.org GCC-6.3.0-1) 6.3.0
Copyright (C) 2016 Free Software Foundation, Inc.
This is free software; see the source for copying conditions.  There is NO
warranty; not even for MERCHANTABILITY or FITNESS FOR A PARTICULAR PURPOSE.

configure:8109: $? = 0
configure:8098: gcc -v >&5
Using built-in specs.
COLLECT_GCC=C:\MinGW\bin\gcc.exe
COLLECT_LTO_WRAPPER=c:/mingw/bin/../libexec/gcc/mingw32/6.3.0/lto-wrapper.exe
Target: mingw32
Configured with: ../src/gcc-6.3.0/configure --build=x86_64-pc-linux-gnu --host=mingw32 --target=mingw32 --with-gmp=/mingw --with-mpfr --with-mpc=/mingw --with-isl=/mingw --prefix=/mingw --disable-win32-registry --with-arch=i586 --with-tune=generic --enable-languages=c,c++,objc,obj-c++,fortran,ada --with-pkgversion='MinGW.org GCC-6.3.0-1' --enable-static --enable-shared --enable-threads --with-dwarf2 --disable-sjlj-exceptions --enable-version-specific-runtime-libs --with-libiconv-prefix=/mingw --with-libintl-prefix=/mingw --enable-libstdcxx-debug --enable-libgomp --disable-libvtv --enable-nls
Thread model: win32
gcc version 6.3.0 (MinGW.org GCC-6.3.0-1) 
configure:8109: $? = 0
configure:8098: gcc -V >&5
gcc.exe: error: unrecognized command line option '-V'
gcc.exe: fatal error: no input files
compilation terminated.
configure:8109: $? = 1
configure:8098: gcc -qversion >&5
gcc.exe: error: unrecognized command line option '-qversion'; did you mean '--version'?
gcc.exe: fatal error: no input files
compilation terminated.
configure:8109: $? = 1
configure:8113: checking whether we are using the GNU Objective C compiler
configure:8132: gcc -c  -I/usr/local/include conftest.m >&5
configure:8132: $? = 0
configure:8141: result: yes
configure:8150: checking whether gcc accepts -g
configure:8170: gcc -c -g -I/usr/local/include conftest.m >&5
configure:8170: $? = 0
configure:8211: result: yes
configure:8254: gcc -c -g -O2 -I/usr/local/include conftest.m >&5
configure:8254: $? = 0
configure:8270: checking for Objective C++ compiler
configure:8276: result: trying some possibilities
configure:8321: checking whether g++ can compile ObjC++
running: g++ -c conftest.mm -I/usr/local/include 
conftest.mm: In function 'int main()':
conftest.mm:17:30: warning: 'Greeter' may not respond to '+new'
   Greeter *obj = [Greeter new];
                              ^
conftest.mm:17:30: warning: (Messages without a matching method signature
conftest.mm:17:30: warning: will be assumed to return 'id' and accept
conftest.mm:17:30: warning: '...' as arguments.)
configure:8349: result: yes
configure:8411: result: g++
configure:8501: checking how to print strings
configure:8528: result: printf
configure:8549: checking for a sed that does not truncate output
configure:8613: result: /usr/bin/sed
configure:8631: checking for fgrep
configure:8693: result: /usr/bin/grep -F
configure:8728: checking for ld used by gcc
configure:8795: result: c:/mingw/mingw32/bin/ld.exe
configure:8802: checking if the linker (c:/mingw/mingw32/bin/ld.exe) is GNU ld
configure:8817: result: yes
configure:8829: checking for BSD- or MS-compatible name lister (nm)
configure:8883: result: /usr/bin/nm -B
configure:9013: checking the name lister (/usr/bin/nm -B) interface
configure:9020: gcc -c -g -O2 -I/usr/local/include conftest.c >&5
configure:9023: /usr/bin/nm -B "conftest.o"
configure:9026: output
00000000 b .bss
00000000 d .data
00000000 N .debug_abbrev
00000000 N .debug_aranges
00000000 N .debug_info
00000000 N .debug_line
00000000 r .rdata$zzz
00000000 t .text
00000000 B _some_variable
configure:9033: result: BSD nm
configure:9037: checking the maximum length of command line arguments
configure:9168: result: 24000
configure:9216: checking how to convert x86_64-pc-msys file names to x86_64-pc-msys format
configure:9256: result: func_convert_file_noop
configure:9263: checking how to convert x86_64-pc-msys file names to toolchain format
configure:9283: result: func_convert_file_noop
configure:9290: checking for c:/mingw/mingw32/bin/ld.exe option to reload object files
configure:9297: result: -r
configure:9371: checking for objdump
configure:9387: found /c/MinGW/bin/objdump
configure:9398: result: objdump
configure:9430: checking how to recognize dependent libraries
configure:9630: result: unknown
configure:9715: checking for dlltool
configure:9731: found /c/MinGW/bin/dlltool
configure:9742: result: dlltool
configure:9775: checking how to associate runtime and link libraries
configure:9802: result: printf %s\n
configure:9926: checking for archiver @FILE support
configure:9943: gcc -c -g -O2 -I/usr/local/include conftest.c >&5
configure:9943: $? = 0
configure:9946: ar cru libconftest.a @conftest.lst >&5
configure:9949: $? = 0
configure:9954: ar cru libconftest.a @conftest.lst >&5
C:\MinGW\bin\ar.exe: conftest.o: No such file or directory
configure:9957: $? = 1
configure:9969: result: @
configure:10027: checking for strip
configure:10043: found /c/MinGW/bin/strip
configure:10054: result: strip
configure:10126: checking for ranlib
configure:10142: found /c/MinGW/bin/ranlib
configure:10153: result: ranlib
configure:10230: checking for gawk
configure:10246: found /usr/bin/gawk
configure:10257: result: gawk
configure:10297: checking command to parse /usr/bin/nm -B output from gcc object
configure:10450: gcc -c -g -O2 -I/usr/local/include conftest.c >&5
configure:10453: $? = 0
configure:10457: /usr/bin/nm -B conftest.o \| sed -n -e 's/^.*[ ]\([ABCDGIRSTW][ABCDGIRSTW]*\)[ ][ ]*\([_A-Za-z][_A-Za-z0-9]*\)$/\1 \2 \2/p' | sed '/ __gnu_lto/d' \> conftest.nm
configure:10460: $? = 0
cannot find nm_test_var in conftest.nm
configure:10450: gcc -c -g -O2 -I/usr/local/include conftest.c >&5
configure:10453: $? = 0
configure:10457: /usr/bin/nm -B conftest.o \| sed -n -e 's/^.*[ ]\([ABCDGIRSTW][ABCDGIRSTW]*\)[ ][ ]*_\([_A-Za-z][_A-Za-z0-9]*\)$/\1 _\2 \2/p' | sed '/ __gnu_lto/d' \> conftest.nm
configure:10460: $? = 0
configure:10526: gcc -o conftest.exe -g -O2 -I/usr/local/include -L/usr/local/lib conftest.c conftstm.o >&5
configure:10529: $? = 0
configure:10567: result: ok
configure:10614: checking for sysroot
configure:10644: result: no
configure:10651: checking for a working dd
configure:10689: result: /usr/bin/dd
configure:10693: checking how to truncate binary pipes
configure:10708: result: /usr/bin/dd bs=4096 count=1
configure:11037: checking for mt
configure:11067: result: no
configure:11087: checking if : is a manifest tool
configure:11093: : '-?'
configure:11101: result: no
configure:11775: checking for dlfcn.h
configure:11775: gcc -c -g -O2 -I/usr/local/include conftest.c >&5
configure:11775: $? = 0
configure:11775: result: yes
configure:12013: checking for objdir
configure:12028: result: .libs
configure:12292: checking if gcc supports -fno-rtti -fno-exceptions
configure:12310: gcc -c -g -O2 -I/usr/local/include -fno-rtti -fno-exceptions conftest.c >&5
cc1.exe: warning: command line option '-fno-rtti' is valid for C++/ObjC++ but not for C
configure:12314: $? = 0
configure:12327: result: no
configure:12685: checking for gcc option to produce PIC
configure:12692: result: -fPIC -DPIC
configure:12700: checking if gcc PIC flag -fPIC -DPIC works
configure:12718: gcc -c -g -O2 -I/usr/local/include -fPIC -DPIC -DPIC conftest.c >&5
configure:12722: $? = 0
configure:12735: result: yes
configure:12764: checking if gcc static flag -static works
configure:12792: result: yes
configure:12807: checking if gcc supports -c -o file.o
configure:12828: gcc -c -g -O2 -I/usr/local/include -o out/conftest2.o conftest.c >&5
configure:12832: $? = 0
configure:12854: result: yes
configure:12862: checking if gcc supports -c -o file.o
configure:12909: result: yes
configure:12942: checking whether the gcc linker (c:/mingw/mingw32/bin/ld.exe) supports shared libraries
configure:14201: result: yes
configure:14238: checking whether -lc should be explicitly linked in
configure:14246: gcc -c -g -O2 -I/usr/local/include conftest.c >&5
configure:14249: $? = 0
configure:14264: gcc -shared  -fPIC -DPIC conftest.o  -v -Wl,-soname -Wl,conftest -o conftest 2\>\&1 \| /usr/bin/grep  -lc  \>/dev/null 2\>\&1
configure:14267: $? = 1
configure:14281: result: yes
configure:14441: checking dynamic linker characteristics
configure:15259: result: no
configure:15381: checking how to hardcode library paths into programs
configure:15406: result: immediate
configure:15954: checking whether stripping libraries is possible
configure:15959: result: yes
configure:15994: checking if libtool supports shared libraries
configure:15996: result: no
configure:15999: checking whether to build shared libraries
configure:16024: result: no
configure:16027: checking whether to build static libraries
configure:16031: result: yes
configure:16054: checking how to run the C++ preprocessor
configure:16120: result: g++ -E
configure:16140: g++ -E -I/usr/local/include conftest.cpp
configure:16140: $? = 0
configure:16154: g++ -E -I/usr/local/include conftest.cpp
conftest.cpp:34:28: fatal error: ac_nonexistent.h: No such file or directory
 #include <ac_nonexistent.h>
                            ^
compilation terminated.
configure:16154: $? = 1
configure: failed program was:
| /* confdefs.h */
| #define PACKAGE_NAME "R"
| #define PACKAGE_TARNAME "R"
| #define PACKAGE_VERSION "3.3.2"
| #define PACKAGE_STRING "R 3.3.2"
| #define PACKAGE_BUGREPORT "https://bugs.r-project.org"
| #define PACKAGE_URL "https://www.r-project.org"
| #define PACKAGE "R"
| #define VERSION "3.3.2"
| #define R_PLATFORM "x86_64-pc-msys"
| #define R_CPU "x86_64"
| #define R_VENDOR "pc"
| #define R_OS "msys"
| #define Unix 1
| #define R_ARCH ""
| #define STDC_HEADERS 1
| #define HAVE_SYS_TYPES_H 1
| #define HAVE_SYS_STAT_H 1
| #define HAVE_STDLIB_H 1
| #define HAVE_STRING_H 1
| #define HAVE_MEMORY_H 1
| #define HAVE_STRINGS_H 1
| #define HAVE_INTTYPES_H 1
| #define HAVE_STDINT_H 1
| #define HAVE_UNISTD_H 1
| #define __EXTENSIONS__ 1
| #define _ALL_SOURCE 1
| #define _GNU_SOURCE 1
| #define _POSIX_PTHREAD_SEMANTICS 1
| #define _TANDEM_SOURCE 1
| #define HAVE_DLFCN_H 1
| #define LT_OBJDIR ".libs/"
| /* end confdefs.h.  */
| #include <ac_nonexistent.h>
configure:16316: checking for ld used by g++
configure:16383: result: c:/mingw/mingw32/bin/ld.exe
configure:16390: checking if the linker (c:/mingw/mingw32/bin/ld.exe) is GNU ld
configure:16405: result: yes
configure:16460: checking whether the g++ linker (c:/mingw/mingw32/bin/ld.exe) supports shared libraries
configure:17533: result: no
configure:17569: g++ -c -g -O2 -I/usr/local/include conftest.cpp >&5
configure:17572: $? = 0
configure:18053: checking for g++ option to produce PIC
configure:18060: result: -fPIC -DPIC
configure:18068: checking if g++ PIC flag -fPIC -DPIC works
configure:18086: g++ -c -g -O2 -I/usr/local/include -fPIC -DPIC -DPIC conftest.cpp >&5
configure:18090: $? = 0
configure:18103: result: yes
configure:18126: checking if g++ static flag -static works
configure:18154: result: yes
configure:18166: checking if g++ supports -c -o file.o
configure:18187: g++ -c -g -O2 -I/usr/local/include -o out/conftest2.o conftest.cpp >&5
configure:18191: $? = 0
configure:18213: result: yes
configure:18218: checking if g++ supports -c -o file.o
configure:18265: result: yes
configure:18295: checking whether the g++ linker (c:/mingw/mingw32/bin/ld.exe) supports shared libraries
configure:18335: result: no
configure:18476: checking dynamic linker characteristics
configure:19221: result: no
configure:19286: checking how to hardcode library paths into programs
configure:19311: result: immediate
configure:19452: checking if libtool supports shared libraries
configure:19454: result: no
configure:19457: checking whether to build shared libraries
configure:19481: result: no
configure:19484: checking whether to build static libraries
configure:19488: result: yes
configure:19840: checking for gfortran option to produce PIC
configure:19847: result: -fPIC
configure:19855: checking if gfortran PIC flag -fPIC works
configure:19873: gfortran -c -g -O2 -fPIC conftest.f >&5
configure:19877: $? = 0
configure:19890: result: yes
configure:19913: checking if gfortran static flag -static works
configure:19941: result: yes
configure:19953: checking if gfortran supports -c -o file.o
configure:19974: gfortran -c -g -O2 -o out/conftest2.o conftest.f >&5
configure:19978: $? = 0
configure:20000: result: yes
configure:20005: checking if gfortran supports -c -o file.o
configure:20052: result: yes
configure:20082: checking whether the gfortran linker (c:/mingw/mingw32/bin/ld.exe) supports shared libraries
configure:21291: result: yes
configure:21432: checking dynamic linker characteristics
configure:22171: result: no
configure:22236: checking how to hardcode library paths into programs
configure:22261: result: immediate
configure:22527: checking for cos in -lm
configure:22552: gcc -o conftest.exe -g -O2 -I/usr/local/include -L/usr/local/lib conftest.c -lm   >&5
conftest.c:41:6: warning: conflicting types for built-in function 'cos'
 char cos ();
      ^~~
configure:22552: $? = 0
configure:22561: result: yes
configure:22575: checking for sin in -lm
configure:22600: gcc -o conftest.exe -g -O2 -I/usr/local/include -L/usr/local/lib conftest.c -lm   >&5
conftest.c:41:6: warning: conflicting types for built-in function 'sin'
 char sin ();
      ^~~
configure:22600: $? = 0
configure:22609: result: yes
configure:22636: checking for dlopen in -ldl
configure:22661: gcc -o conftest.exe -g -O2 -I/usr/local/include -L/usr/local/lib conftest.c -ldl  -lm  >&5
c:/mingw/bin/../lib/gcc/mingw32/6.3.0/../../../../mingw32/bin/ld.exe: cannot find -ldl
collect2.exe: error: ld returned 1 exit status
configure:22661: $? = 1
configure: failed program was:
| /* confdefs.h */
| #define PACKAGE_NAME "R"
| #define PACKAGE_TARNAME "R"
| #define PACKAGE_VERSION "3.3.2"
| #define PACKAGE_STRING "R 3.3.2"
| #define PACKAGE_BUGREPORT "https://bugs.r-project.org"
| #define PACKAGE_URL "https://www.r-project.org"
| #define PACKAGE "R"
| #define VERSION "3.3.2"
| #define R_PLATFORM "x86_64-pc-msys"
| #define R_CPU "x86_64"
| #define R_VENDOR "pc"
| #define R_OS "msys"
| #define Unix 1
| #define R_ARCH ""
| #define STDC_HEADERS 1
| #define HAVE_SYS_TYPES_H 1
| #define HAVE_SYS_STAT_H 1
| #define HAVE_STDLIB_H 1
| #define HAVE_STRING_H 1
| #define HAVE_MEMORY_H 1
| #define HAVE_STRINGS_H 1
| #define HAVE_INTTYPES_H 1
| #define HAVE_STDINT_H 1
| #define HAVE_UNISTD_H 1
| #define __EXTENSIONS__ 1
| #define _ALL_SOURCE 1
| #define _GNU_SOURCE 1
| #define _POSIX_PTHREAD_SEMANTICS 1
| #define _TANDEM_SOURCE 1
| #define HAVE_DLFCN_H 1
| #define LT_OBJDIR ".libs/"
| #define HAVE_LIBM 1
| /* end confdefs.h.  */
| 
| /* Override any GCC internal prototype to avoid an error.
|    Use char because int might match the return type of a GCC
|    builtin and then its argument prototype would still apply.  */
| #ifdef __cplusplus
| extern "C"
| #endif
| char dlopen ();
| int
| main ()
| {
| return dlopen ();
|   ;
|   return 0;
| }
configure:22670: result: no
configure:22689: checking readline/history.h usability
configure:22689: gcc -c -g -O2 -I/usr/local/include conftest.c >&5
conftest.c:68:30: fatal error: readline/history.h: No such file or directory
 #include <readline/history.h>
                              ^
compilation terminated.
configure:22689: $? = 1
configure: failed program was:
| /* confdefs.h */
| #define PACKAGE_NAME "R"
| #define PACKAGE_TARNAME "R"
| #define PACKAGE_VERSION "3.3.2"
| #define PACKAGE_STRING "R 3.3.2"
| #define PACKAGE_BUGREPORT "https://bugs.r-project.org"
| #define PACKAGE_URL "https://www.r-project.org"
| #define PACKAGE "R"
| #define VERSION "3.3.2"
| #define R_PLATFORM "x86_64-pc-msys"
| #define R_CPU "x86_64"
| #define R_VENDOR "pc"
| #define R_OS "msys"
| #define Unix 1
| #define R_ARCH ""
| #define STDC_HEADERS 1
| #define HAVE_SYS_TYPES_H 1
| #define HAVE_SYS_STAT_H 1
| #define HAVE_STDLIB_H 1
| #define HAVE_STRING_H 1
| #define HAVE_MEMORY_H 1
| #define HAVE_STRINGS_H 1
| #define HAVE_INTTYPES_H 1
| #define HAVE_STDINT_H 1
| #define HAVE_UNISTD_H 1
| #define __EXTENSIONS__ 1
| #define _ALL_SOURCE 1
| #define _GNU_SOURCE 1
| #define _POSIX_PTHREAD_SEMANTICS 1
| #define _TANDEM_SOURCE 1
| #define HAVE_DLFCN_H 1
| #define LT_OBJDIR ".libs/"
| #define HAVE_LIBM 1
| /* end confdefs.h.  */
| #include <stdio.h>
| #ifdef HAVE_SYS_TYPES_H
| # include <sys/types.h>
| #endif
| #ifdef HAVE_SYS_STAT_H
| # include <sys/stat.h>
| #endif
| #ifdef STDC_HEADERS
| # include <stdlib.h>
| # include <stddef.h>
| #else
| # ifdef HAVE_STDLIB_H
| #  include <stdlib.h>
| # endif
| #endif
| #ifdef HAVE_STRING_H
| # if !defined STDC_HEADERS && defined HAVE_MEMORY_H
| #  include <memory.h>
| # endif
| # include <string.h>
| #endif
| #ifdef HAVE_STRINGS_H
| # include <strings.h>
| #endif
| #ifdef HAVE_INTTYPES_H
| # include <inttypes.h>
| #endif
| #ifdef HAVE_STDINT_H
| # include <stdint.h>
| #endif
| #ifdef HAVE_UNISTD_H
| # include <unistd.h>
| #endif
| #include <readline/history.h>
configure:22689: result: no
configure:22689: checking readline/history.h presence
configure:22689: gcc -E -I/usr/local/include conftest.c
conftest.c:35:30: fatal error: readline/history.h: No such file or directory
 #include <readline/history.h>
                              ^
compilation terminated.
configure:22689: $? = 1
configure: failed program was:
| /* confdefs.h */
| #define PACKAGE_NAME "R"
| #define PACKAGE_TARNAME "R"
| #define PACKAGE_VERSION "3.3.2"
| #define PACKAGE_STRING "R 3.3.2"
| #define PACKAGE_BUGREPORT "https://bugs.r-project.org"
| #define PACKAGE_URL "https://www.r-project.org"
| #define PACKAGE "R"
| #define VERSION "3.3.2"
| #define R_PLATFORM "x86_64-pc-msys"
| #define R_CPU "x86_64"
| #define R_VENDOR "pc"
| #define R_OS "msys"
| #define Unix 1
| #define R_ARCH ""
| #define STDC_HEADERS 1
| #define HAVE_SYS_TYPES_H 1
| #define HAVE_SYS_STAT_H 1
| #define HAVE_STDLIB_H 1
| #define HAVE_STRING_H 1
| #define HAVE_MEMORY_H 1
| #define HAVE_STRINGS_H 1
| #define HAVE_INTTYPES_H 1
| #define HAVE_STDINT_H 1
| #define HAVE_UNISTD_H 1
| #define __EXTENSIONS__ 1
| #define _ALL_SOURCE 1
| #define _GNU_SOURCE 1
| #define _POSIX_PTHREAD_SEMANTICS 1
| #define _TANDEM_SOURCE 1
| #define HAVE_DLFCN_H 1
| #define LT_OBJDIR ".libs/"
| #define HAVE_LIBM 1
| /* end confdefs.h.  */
| #include <readline/history.h>
configure:22689: result: no
configure:22689: checking for readline/history.h
configure:22689: result: no
configure:22689: checking readline/readline.h usability
configure:22689: gcc -c -g -O2 -I/usr/local/include conftest.c >&5
conftest.c:68:31: fatal error: readline/readline.h: No such file or directory
 #include <readline/readline.h>
                               ^
compilation terminated.
configure:22689: $? = 1
configure: failed program was:
| /* confdefs.h */
| #define PACKAGE_NAME "R"
| #define PACKAGE_TARNAME "R"
| #define PACKAGE_VERSION "3.3.2"
| #define PACKAGE_STRING "R 3.3.2"
| #define PACKAGE_BUGREPORT "https://bugs.r-project.org"
| #define PACKAGE_URL "https://www.r-project.org"
| #define PACKAGE "R"
| #define VERSION "3.3.2"
| #define R_PLATFORM "x86_64-pc-msys"
| #define R_CPU "x86_64"
| #define R_VENDOR "pc"
| #define R_OS "msys"
| #define Unix 1
| #define R_ARCH ""
| #define STDC_HEADERS 1
| #define HAVE_SYS_TYPES_H 1
| #define HAVE_SYS_STAT_H 1
| #define HAVE_STDLIB_H 1
| #define HAVE_STRING_H 1
| #define HAVE_MEMORY_H 1
| #define HAVE_STRINGS_H 1
| #define HAVE_INTTYPES_H 1
| #define HAVE_STDINT_H 1
| #define HAVE_UNISTD_H 1
| #define __EXTENSIONS__ 1
| #define _ALL_SOURCE 1
| #define _GNU_SOURCE 1
| #define _POSIX_PTHREAD_SEMANTICS 1
| #define _TANDEM_SOURCE 1
| #define HAVE_DLFCN_H 1
| #define LT_OBJDIR ".libs/"
| #define HAVE_LIBM 1
| /* end confdefs.h.  */
| #include <stdio.h>
| #ifdef HAVE_SYS_TYPES_H
| # include <sys/types.h>
| #endif
| #ifdef HAVE_SYS_STAT_H
| # include <sys/stat.h>
| #endif
| #ifdef STDC_HEADERS
| # include <stdlib.h>
| # include <stddef.h>
| #else
| # ifdef HAVE_STDLIB_H
| #  include <stdlib.h>
| # endif
| #endif
| #ifdef HAVE_STRING_H
| # if !defined STDC_HEADERS && defined HAVE_MEMORY_H
| #  include <memory.h>
| # endif
| # include <string.h>
| #endif
| #ifdef HAVE_STRINGS_H
| # include <strings.h>
| #endif
| #ifdef HAVE_INTTYPES_H
| # include <inttypes.h>
| #endif
| #ifdef HAVE_STDINT_H
| # include <stdint.h>
| #endif
| #ifdef HAVE_UNISTD_H
| # include <unistd.h>
| #endif
| #include <readline/readline.h>
configure:22689: result: no
configure:22689: checking readline/readline.h presence
configure:22689: gcc -E -I/usr/local/include conftest.c
conftest.c:35:31: fatal error: readline/readline.h: No such file or directory
 #include <readline/readline.h>
                               ^
compilation terminated.
configure:22689: $? = 1
configure: failed program was:
| /* confdefs.h */
| #define PACKAGE_NAME "R"
| #define PACKAGE_TARNAME "R"
| #define PACKAGE_VERSION "3.3.2"
| #define PACKAGE_STRING "R 3.3.2"
| #define PACKAGE_BUGREPORT "https://bugs.r-project.org"
| #define PACKAGE_URL "https://www.r-project.org"
| #define PACKAGE "R"
| #define VERSION "3.3.2"
| #define R_PLATFORM "x86_64-pc-msys"
| #define R_CPU "x86_64"
| #define R_VENDOR "pc"
| #define R_OS "msys"
| #define Unix 1
| #define R_ARCH ""
| #define STDC_HEADERS 1
| #define HAVE_SYS_TYPES_H 1
| #define HAVE_SYS_STAT_H 1
| #define HAVE_STDLIB_H 1
| #define HAVE_STRING_H 1
| #define HAVE_MEMORY_H 1
| #define HAVE_STRINGS_H 1
| #define HAVE_INTTYPES_H 1
| #define HAVE_STDINT_H 1
| #define HAVE_UNISTD_H 1
| #define __EXTENSIONS__ 1
| #define _ALL_SOURCE 1
| #define _GNU_SOURCE 1
| #define _POSIX_PTHREAD_SEMANTICS 1
| #define _TANDEM_SOURCE 1
| #define HAVE_DLFCN_H 1
| #define LT_OBJDIR ".libs/"
| #define HAVE_LIBM 1
| /* end confdefs.h.  */
| #include <readline/readline.h>
configure:22689: result: no
configure:22689: checking for readline/readline.h
configure:22689: result: no
configure:22703: checking for rl_callback_read_char in -lreadline
configure:22728: gcc -o conftest.exe -g -O2 -I/usr/local/include -L/usr/local/lib conftest.c -lreadline   >&5
c:/mingw/bin/../lib/gcc/mingw32/6.3.0/../../../../mingw32/bin/ld.exe: cannot find -lreadline
collect2.exe: error: ld returned 1 exit status
configure:22728: $? = 1
configure: failed program was:
| /* confdefs.h */
| #define PACKAGE_NAME "R"
| #define PACKAGE_TARNAME "R"
| #define PACKAGE_VERSION "3.3.2"
| #define PACKAGE_STRING "R 3.3.2"
| #define PACKAGE_BUGREPORT "https://bugs.r-project.org"
| #define PACKAGE_URL "https://www.r-project.org"
| #define PACKAGE "R"
| #define VERSION "3.3.2"
| #define R_PLATFORM "x86_64-pc-msys"
| #define R_CPU "x86_64"
| #define R_VENDOR "pc"
| #define R_OS "msys"
| #define Unix 1
| #define R_ARCH ""
| #define STDC_HEADERS 1
| #define HAVE_SYS_TYPES_H 1
| #define HAVE_SYS_STAT_H 1
| #define HAVE_STDLIB_H 1
| #define HAVE_STRING_H 1
| #define HAVE_MEMORY_H 1
| #define HAVE_STRINGS_H 1
| #define HAVE_INTTYPES_H 1
| #define HAVE_STDINT_H 1
| #define HAVE_UNISTD_H 1
| #define __EXTENSIONS__ 1
| #define _ALL_SOURCE 1
| #define _GNU_SOURCE 1
| #define _POSIX_PTHREAD_SEMANTICS 1
| #define _TANDEM_SOURCE 1
| #define HAVE_DLFCN_H 1
| #define LT_OBJDIR ".libs/"
| #define HAVE_LIBM 1
| /* end confdefs.h.  */
| 
| /* Override any GCC internal prototype to avoid an error.
|    Use char because int might match the return type of a GCC
|    builtin and then its argument prototype would still apply.  */
| #ifdef __cplusplus
| extern "C"
| #endif
| char rl_callback_read_char ();
| int
| main ()
| {
| return rl_callback_read_char ();
|   ;
|   return 0;
| }
configure:22737: result: no
configure:22752: checking for main in -lncurses
configure:22771: gcc -o conftest.exe -g -O2 -I/usr/local/include -L/usr/local/lib conftest.c -lncurses   >&5
c:/mingw/bin/../lib/gcc/mingw32/6.3.0/../../../../mingw32/bin/ld.exe: cannot find -lncurses
collect2.exe: error: ld returned 1 exit status
configure:22771: $? = 1
configure: failed program was:
| /* confdefs.h */
| #define PACKAGE_NAME "R"
| #define PACKAGE_TARNAME "R"
| #define PACKAGE_VERSION "3.3.2"
| #define PACKAGE_STRING "R 3.3.2"
| #define PACKAGE_BUGREPORT "https://bugs.r-project.org"
| #define PACKAGE_URL "https://www.r-project.org"
| #define PACKAGE "R"
| #define VERSION "3.3.2"
| #define R_PLATFORM "x86_64-pc-msys"
| #define R_CPU "x86_64"
| #define R_VENDOR "pc"
| #define R_OS "msys"
| #define Unix 1
| #define R_ARCH ""
| #define STDC_HEADERS 1
| #define HAVE_SYS_TYPES_H 1
| #define HAVE_SYS_STAT_H 1
| #define HAVE_STDLIB_H 1
| #define HAVE_STRING_H 1
| #define HAVE_MEMORY_H 1
| #define HAVE_STRINGS_H 1
| #define HAVE_INTTYPES_H 1
| #define HAVE_STDINT_H 1
| #define HAVE_UNISTD_H 1
| #define __EXTENSIONS__ 1
| #define _ALL_SOURCE 1
| #define _GNU_SOURCE 1
| #define _POSIX_PTHREAD_SEMANTICS 1
| #define _TANDEM_SOURCE 1
| #define HAVE_DLFCN_H 1
| #define LT_OBJDIR ".libs/"
| #define HAVE_LIBM 1
| /* end confdefs.h.  */
| 
| 
| int
| main ()
| {
| return main ();
|   ;
|   return 0;
| }
configure:22780: result: no
configure:22790: checking for main in -ltermcap
configure:22809: gcc -o conftest.exe -g -O2 -I/usr/local/include -L/usr/local/lib conftest.c -ltermcap   >&5
c:/mingw/bin/../lib/gcc/mingw32/6.3.0/../../../../mingw32/bin/ld.exe: cannot find -ltermcap
collect2.exe: error: ld returned 1 exit status
configure:22809: $? = 1
configure: failed program was:
| /* confdefs.h */
| #define PACKAGE_NAME "R"
| #define PACKAGE_TARNAME "R"
| #define PACKAGE_VERSION "3.3.2"
| #define PACKAGE_STRING "R 3.3.2"
| #define PACKAGE_BUGREPORT "https://bugs.r-project.org"
| #define PACKAGE_URL "https://www.r-project.org"
| #define PACKAGE "R"
| #define VERSION "3.3.2"
| #define R_PLATFORM "x86_64-pc-msys"
| #define R_CPU "x86_64"
| #define R_VENDOR "pc"
| #define R_OS "msys"
| #define Unix 1
| #define R_ARCH ""
| #define STDC_HEADERS 1
| #define HAVE_SYS_TYPES_H 1
| #define HAVE_SYS_STAT_H 1
| #define HAVE_STDLIB_H 1
| #define HAVE_STRING_H 1
| #define HAVE_MEMORY_H 1
| #define HAVE_STRINGS_H 1
| #define HAVE_INTTYPES_H 1
| #define HAVE_STDINT_H 1
| #define HAVE_UNISTD_H 1
| #define __EXTENSIONS__ 1
| #define _ALL_SOURCE 1
| #define _GNU_SOURCE 1
| #define _POSIX_PTHREAD_SEMANTICS 1
| #define _TANDEM_SOURCE 1
| #define HAVE_DLFCN_H 1
| #define LT_OBJDIR ".libs/"
| #define HAVE_LIBM 1
| /* end confdefs.h.  */
| 
| 
| int
| main ()
| {
| return main ();
|   ;
|   return 0;
| }
configure:22818: result: no
configure:22828: checking for main in -ltermlib
configure:22847: gcc -o conftest.exe -g -O2 -I/usr/local/include -L/usr/local/lib conftest.c -ltermlib   >&5
c:/mingw/bin/../lib/gcc/mingw32/6.3.0/../../../../mingw32/bin/ld.exe: cannot find -ltermlib
collect2.exe: error: ld returned 1 exit status
configure:22847: $? = 1
configure: failed program was:
| /* confdefs.h */
| #define PACKAGE_NAME "R"
| #define PACKAGE_TARNAME "R"
| #define PACKAGE_VERSION "3.3.2"
| #define PACKAGE_STRING "R 3.3.2"
| #define PACKAGE_BUGREPORT "https://bugs.r-project.org"
| #define PACKAGE_URL "https://www.r-project.org"
| #define PACKAGE "R"
| #define VERSION "3.3.2"
| #define R_PLATFORM "x86_64-pc-msys"
| #define R_CPU "x86_64"
| #define R_VENDOR "pc"
| #define R_OS "msys"
| #define Unix 1
| #define R_ARCH ""
| #define STDC_HEADERS 1
| #define HAVE_SYS_TYPES_H 1
| #define HAVE_SYS_STAT_H 1
| #define HAVE_STDLIB_H 1
| #define HAVE_STRING_H 1
| #define HAVE_MEMORY_H 1
| #define HAVE_STRINGS_H 1
| #define HAVE_INTTYPES_H 1
| #define HAVE_STDINT_H 1
| #define HAVE_UNISTD_H 1
| #define __EXTENSIONS__ 1
| #define _ALL_SOURCE 1
| #define _GNU_SOURCE 1
| #define _POSIX_PTHREAD_SEMANTICS 1
| #define _TANDEM_SOURCE 1
| #define HAVE_DLFCN_H 1
| #define LT_OBJDIR ".libs/"
| #define HAVE_LIBM 1
| /* end confdefs.h.  */
| 
| 
| int
| main ()
| {
| return main ();
|   ;
|   return 0;
| }
configure:22856: result: no
configure:22871: checking for rl_callback_read_char in -lreadline
configure:22896: gcc -o conftest.exe -g -O2 -I/usr/local/include -L/usr/local/lib conftest.c -lreadline   >&5
c:/mingw/bin/../lib/gcc/mingw32/6.3.0/../../../../mingw32/bin/ld.exe: cannot find -lreadline
collect2.exe: error: ld returned 1 exit status
configure:22896: $? = 1
configure: failed program was:
| /* confdefs.h */
| #define PACKAGE_NAME "R"
| #define PACKAGE_TARNAME "R"
| #define PACKAGE_VERSION "3.3.2"
| #define PACKAGE_STRING "R 3.3.2"
| #define PACKAGE_BUGREPORT "https://bugs.r-project.org"
| #define PACKAGE_URL "https://www.r-project.org"
| #define PACKAGE "R"
| #define VERSION "3.3.2"
| #define R_PLATFORM "x86_64-pc-msys"
| #define R_CPU "x86_64"
| #define R_VENDOR "pc"
| #define R_OS "msys"
| #define Unix 1
| #define R_ARCH ""
| #define STDC_HEADERS 1
| #define HAVE_SYS_TYPES_H 1
| #define HAVE_SYS_STAT_H 1
| #define HAVE_STDLIB_H 1
| #define HAVE_STRING_H 1
| #define HAVE_MEMORY_H 1
| #define HAVE_STRINGS_H 1
| #define HAVE_INTTYPES_H 1
| #define HAVE_STDINT_H 1
| #define HAVE_UNISTD_H 1
| #define __EXTENSIONS__ 1
| #define _ALL_SOURCE 1
| #define _GNU_SOURCE 1
| #define _POSIX_PTHREAD_SEMANTICS 1
| #define _TANDEM_SOURCE 1
| #define HAVE_DLFCN_H 1
| #define LT_OBJDIR ".libs/"
| #define HAVE_LIBM 1
| /* end confdefs.h.  */
| 
| /* Override any GCC internal prototype to avoid an error.
|    Use char because int might match the return type of a GCC
|    builtin and then its argument prototype would still apply.  */
| #ifdef __cplusplus
| extern "C"
| #endif
| char rl_callback_read_char ();
| int
| main ()
| {
| return rl_callback_read_char ();
|   ;
|   return 0;
| }
configure:22905: result: no
configure:22921: checking for history_truncate_file
configure:22921: gcc -o conftest.exe -g -O2 -I/usr/local/include -L/usr/local/lib conftest.c  >&5
C:\rtools43\tmp\ccedQhCu.o: In function `main':
N:\GitHubSource\microsoft-r-open\source/conftest.c:69: undefined reference to `history_truncate_file'
collect2.exe: error: ld returned 1 exit status
configure:22921: $? = 1
configure: failed program was:
| /* confdefs.h */
| #define PACKAGE_NAME "R"
| #define PACKAGE_TARNAME "R"
| #define PACKAGE_VERSION "3.3.2"
| #define PACKAGE_STRING "R 3.3.2"
| #define PACKAGE_BUGREPORT "https://bugs.r-project.org"
| #define PACKAGE_URL "https://www.r-project.org"
| #define PACKAGE "R"
| #define VERSION "3.3.2"
| #define R_PLATFORM "x86_64-pc-msys"
| #define R_CPU "x86_64"
| #define R_VENDOR "pc"
| #define R_OS "msys"
| #define Unix 1
| #define R_ARCH ""
| #define STDC_HEADERS 1
| #define HAVE_SYS_TYPES_H 1
| #define HAVE_SYS_STAT_H 1
| #define HAVE_STDLIB_H 1
| #define HAVE_STRING_H 1
| #define HAVE_MEMORY_H 1
| #define HAVE_STRINGS_H 1
| #define HAVE_INTTYPES_H 1
| #define HAVE_STDINT_H 1
| #define HAVE_UNISTD_H 1
| #define __EXTENSIONS__ 1
| #define _ALL_SOURCE 1
| #define _GNU_SOURCE 1
| #define _POSIX_PTHREAD_SEMANTICS 1
| #define _TANDEM_SOURCE 1
| #define HAVE_DLFCN_H 1
| #define LT_OBJDIR ".libs/"
| #define HAVE_LIBM 1
| /* end confdefs.h.  */
| /* Define history_truncate_file to an innocuous variant, in case <limits.h> declares history_truncate_file.
|    For example, HP-UX 11i <limits.h> declares gettimeofday.  */
| #define history_truncate_file innocuous_history_truncate_file
| 
| /* System header to define __stub macros and hopefully few prototypes,
|     which can conflict with char history_truncate_file (); below.
|     Prefer <limits.h> to <assert.h> if __STDC__ is defined, since
|     <limits.h> exists even on freestanding compilers.  */
| 
| #ifdef __STDC__
| # include <limits.h>
| #else
| # include <assert.h>
| #endif
| 
| #undef history_truncate_file
| 
| /* Override any GCC internal prototype to avoid an error.
|    Use char because int might match the return type of a GCC
|    builtin and then its argument prototype would still apply.  */
| #ifdef __cplusplus
| extern "C"
| #endif
| char history_truncate_file ();
| /* The GNU C library defines this for functions which it implements
|     to always fail with ENOSYS.  Some functions are actually named
|     something starting with __ and the normal name is an alias.  */
| #if defined __stub_history_truncate_file || defined __stub___history_truncate_file
| choke me
| #endif
| 
| int
| main ()
| {
| return history_truncate_file ();
|   ;
|   return 0;
| }
configure:22921: result: no
configure:22931: error: --with-readline=yes (default) and headers/libs are not available

## ---------------- ##
## Cache variables. ##
## ---------------- ##

ac_cv_build=x86_64-pc-msys
ac_cv_c_compiler_gnu=yes
ac_cv_cxx_compiler_gnu=yes
ac_cv_env_BLAS_LIBS_set=
ac_cv_env_BLAS_LIBS_value=
ac_cv_env_CCC_set=
ac_cv_env_CCC_value=
ac_cv_env_CC_set=
ac_cv_env_CC_value=
ac_cv_env_CFLAGS_set=
ac_cv_env_CFLAGS_value=
ac_cv_env_CPICFLAGS_set=
ac_cv_env_CPICFLAGS_value=
ac_cv_env_CPPFLAGS_set=
ac_cv_env_CPPFLAGS_value=
ac_cv_env_CPP_set=
ac_cv_env_CPP_value=
ac_cv_env_CXX1XFLAGS_set=
ac_cv_env_CXX1XFLAGS_value=
ac_cv_env_CXX1XPICFLAGS_set=
ac_cv_env_CXX1XPICFLAGS_value=
ac_cv_env_CXX1XSTD_set=
ac_cv_env_CXX1XSTD_value=
ac_cv_env_CXX1X_set=
ac_cv_env_CXX1X_value=
ac_cv_env_CXXCPP_set=
ac_cv_env_CXXCPP_value=
ac_cv_env_CXXFLAGS_set=
ac_cv_env_CXXFLAGS_value=
ac_cv_env_CXXPICFLAGS_set=
ac_cv_env_CXXPICFLAGS_value=
ac_cv_env_CXX_set=
ac_cv_env_CXX_value=
ac_cv_env_DEFS_set=
ac_cv_env_DEFS_value=
ac_cv_env_DYLIB_LDFLAGS_set=
ac_cv_env_DYLIB_LDFLAGS_value=
ac_cv_env_DYLIB_LD_set=
ac_cv_env_DYLIB_LD_value=
ac_cv_env_F77_set=
ac_cv_env_F77_value=
ac_cv_env_FCFLAGS_set=
ac_cv_env_FCFLAGS_value=
ac_cv_env_FCPICFLAGS_set=
ac_cv_env_FCPICFLAGS_value=
ac_cv_env_FC_set=
ac_cv_env_FC_value=
ac_cv_env_FFLAGS_set=
ac_cv_env_FFLAGS_value=
ac_cv_env_FPICFLAGS_set=
ac_cv_env_FPICFLAGS_value=
ac_cv_env_JAVA_HOME_set=
ac_cv_env_JAVA_HOME_value=
ac_cv_env_LAPACK_LIBS_set=
ac_cv_env_LAPACK_LIBS_value=
ac_cv_env_LDFLAGS_set=
ac_cv_env_LDFLAGS_value=
ac_cv_env_LIBS_set=
ac_cv_env_LIBS_value=
ac_cv_env_LIBnn_set=
ac_cv_env_LIBnn_value=
ac_cv_env_LT_SYS_LIBRARY_PATH_set=
ac_cv_env_LT_SYS_LIBRARY_PATH_value=
ac_cv_env_MAIN_CFLAGS_set=
ac_cv_env_MAIN_CFLAGS_value=
ac_cv_env_MAIN_FFLAGS_set=
ac_cv_env_MAIN_FFLAGS_value=
ac_cv_env_MAIN_LDFLAGS_set=
ac_cv_env_MAIN_LDFLAGS_value=
ac_cv_env_MAIN_LD_set=
ac_cv_env_MAIN_LD_value=
ac_cv_env_MAKE_set=
ac_cv_env_MAKE_value=
ac_cv_env_OBJCFLAGS_set=
ac_cv_env_OBJCFLAGS_value=
ac_cv_env_OBJC_set=
ac_cv_env_OBJC_value=
ac_cv_env_PKGCONF_set=
ac_cv_env_PKGCONF_value=
ac_cv_env_PKG_CONFIG_LIBDIR_set=
ac_cv_env_PKG_CONFIG_LIBDIR_value=
ac_cv_env_PKG_CONFIG_PATH_set=set
ac_cv_env_PKG_CONFIG_PATH_value=/usr/lib/pkgconfig:/usr/share/pkgconfig:/lib/pkgconfig
ac_cv_env_R_BATCHSAVE_set=
ac_cv_env_R_BATCHSAVE_value=
ac_cv_env_R_BROWSER_set=
ac_cv_env_R_BROWSER_value=
ac_cv_env_R_PAPERSIZE_set=
ac_cv_env_R_PAPERSIZE_value=
ac_cv_env_R_PDFVIEWER_set=
ac_cv_env_R_PDFVIEWER_value=
ac_cv_env_R_PRINTCMD_set=
ac_cv_env_R_PRINTCMD_value=
ac_cv_env_R_SHELL_set=
ac_cv_env_R_SHELL_value=
ac_cv_env_SAFE_FFLAGS_set=
ac_cv_env_SAFE_FFLAGS_value=
ac_cv_env_SHLIB_CFLAGS_set=
ac_cv_env_SHLIB_CFLAGS_value=
ac_cv_env_SHLIB_CXX1XLDFLAGS_set=
ac_cv_env_SHLIB_CXX1XLDFLAGS_value=
ac_cv_env_SHLIB_CXX1XLD_set=
ac_cv_env_SHLIB_CXX1XLD_value=
ac_cv_env_SHLIB_CXXLDFLAGS_set=
ac_cv_env_SHLIB_CXXLDFLAGS_value=
ac_cv_env_SHLIB_CXXLD_set=
ac_cv_env_SHLIB_CXXLD_value=
ac_cv_env_SHLIB_FCLDFLAGS_set=
ac_cv_env_SHLIB_FCLDFLAGS_value=
ac_cv_env_SHLIB_FCLD_set=
ac_cv_env_SHLIB_FCLD_value=
ac_cv_env_SHLIB_FFLAGS_set=
ac_cv_env_SHLIB_FFLAGS_value=
ac_cv_env_SHLIB_LDFLAGS_set=
ac_cv_env_SHLIB_LDFLAGS_value=
ac_cv_env_SHLIB_LD_set=
ac_cv_env_SHLIB_LD_value=
ac_cv_env_TAR_set=
ac_cv_env_TAR_value=
ac_cv_env_TCLTK_CPPFLAGS_set=
ac_cv_env_TCLTK_CPPFLAGS_value=
ac_cv_env_TCLTK_LIBS_set=
ac_cv_env_TCLTK_LIBS_value=
ac_cv_env_XMKMF_set=
ac_cv_env_XMKMF_value=
ac_cv_env_YACC_set=
ac_cv_env_YACC_value=
ac_cv_env_YFLAGS_set=
ac_cv_env_YFLAGS_value=
ac_cv_env_build_alias_set=
ac_cv_env_build_alias_value=
ac_cv_env_host_alias_set=
ac_cv_env_host_alias_value=
ac_cv_env_r_arch_set=
ac_cv_env_r_arch_value=
ac_cv_env_target_alias_set=
ac_cv_env_target_alias_value=
ac_cv_exeext=.exe
ac_cv_f77_compiler_gnu=yes
ac_cv_func_history_truncate_file=no
ac_cv_header_dlfcn_h=yes
ac_cv_header_inttypes_h=yes
ac_cv_header_memory_h=yes
ac_cv_header_minix_config_h=no
ac_cv_header_readline_history_h=no
ac_cv_header_readline_readline_h=no
ac_cv_header_stdc=yes
ac_cv_header_stdint_h=yes
ac_cv_header_stdlib_h=yes
ac_cv_header_string_h=yes
ac_cv_header_strings_h=yes
ac_cv_header_sys_stat_h=yes
ac_cv_header_sys_types_h=yes
ac_cv_header_unistd_h=yes
ac_cv_host=x86_64-pc-msys
ac_cv_lib_dl_dlopen=no
ac_cv_lib_m_cos=yes
ac_cv_lib_m_sin=yes
ac_cv_lib_ncurses_main=no
ac_cv_lib_readline_rl_callback_read_char=no
ac_cv_lib_termcap_main=no
ac_cv_lib_termlib_main=no
ac_cv_objc_compiler_gnu=yes
ac_cv_objext=o
ac_cv_path_EGREP='/usr/bin/grep -E'
ac_cv_path_FGREP='/usr/bin/grep -F'
ac_cv_path_GETWD=/usr/bin/pwd
ac_cv_path_GREP=/usr/bin/grep
ac_cv_path_INSTALL_INFO=/usr/bin/install-info
ac_cv_path_MAKEINFO=/usr/bin/texi2any
ac_cv_path_NOTANGLE=false
ac_cv_path_PAGER=/usr/bin/less
ac_cv_path_PKGCONF=/usr/bin/pkg-config
ac_cv_path_REALPATH=/usr/bin/realpath
ac_cv_path_R_BZIPCMD=/usr/bin/bzip2
ac_cv_path_R_GZIPCMD=/usr/bin/gzip
ac_cv_path_R_UNZIPCMD=/usr/bin/unzip
ac_cv_path_R_ZIPCMD=/usr/bin/zip
ac_cv_path_SED=/usr/bin/sed
ac_cv_path_TAR=/usr/bin/tar
ac_cv_path_TEXI2DVI=/usr/bin/texi2dvi
ac_cv_path_WHICH=/usr/bin/which
ac_cv_path_install='/usr/bin/install -c'
ac_cv_path_lt_DD=/usr/bin/dd
ac_cv_prog_AR=ar
ac_cv_prog_AWK=gawk
ac_cv_prog_CPP='gcc -E'
ac_cv_prog_CXXCPP='g++ -E'
ac_cv_prog_F77=gfortran
ac_cv_prog_YACC='bison -y'
ac_cv_prog_ac_ct_CC=gcc
ac_cv_prog_ac_ct_CXX=g++
ac_cv_prog_ac_ct_DLLTOOL=dlltool
ac_cv_prog_ac_ct_OBJC=gcc
ac_cv_prog_ac_ct_OBJDUMP=objdump
ac_cv_prog_ac_ct_RANLIB=ranlib
ac_cv_prog_ac_ct_STRIP=strip
ac_cv_prog_cc_c89=
ac_cv_prog_cc_g=yes
ac_cv_prog_cxx_g=yes
ac_cv_prog_f77_g=yes
ac_cv_prog_gcc_traditional=no
ac_cv_prog_objc_g=yes
ac_cv_safe_to_define___extensions__=yes
lt_cv_ar_at_file=@
lt_cv_archive_cmds_need_lc=yes
lt_cv_deplibs_check_method=unknown
lt_cv_file_magic_cmd='$MAGIC_CMD'
lt_cv_file_magic_test_file=
lt_cv_ld_reload_flag=-r
lt_cv_nm_interface='BSD nm'
lt_cv_objdir=.libs
lt_cv_path_LD=c:/mingw/mingw32/bin/ld.exe
lt_cv_path_LDCXX=c:/mingw/mingw32/bin/ld.exe
lt_cv_path_NM='/usr/bin/nm -B'
lt_cv_path_mainfest_tool=no
lt_cv_prog_compiler_c_o=yes
lt_cv_prog_compiler_c_o_CXX=yes
lt_cv_prog_compiler_c_o_F77=yes
lt_cv_prog_compiler_pic='-fPIC -DPIC'
lt_cv_prog_compiler_pic_CXX='-fPIC -DPIC'
lt_cv_prog_compiler_pic_F77=-fPIC
lt_cv_prog_compiler_pic_works=yes
lt_cv_prog_compiler_pic_works_CXX=yes
lt_cv_prog_compiler_pic_works_F77=yes
lt_cv_prog_compiler_rtti_exceptions=no
lt_cv_prog_compiler_static_works=yes
lt_cv_prog_compiler_static_works_CXX=yes
lt_cv_prog_compiler_static_works_F77=yes
lt_cv_prog_gnu_ld=yes
lt_cv_prog_gnu_ldcxx=yes
lt_cv_sharedlib_from_linklib_cmd='printf %s\n'
lt_cv_sys_global_symbol_pipe='sed -n -e '\''s/^.*[	 ]\([ABCDGIRSTW][ABCDGIRSTW]*\)[	 ][	 ]*_\([_A-Za-z][_A-Za-z0-9]*\)$/\1 _\2 \2/p'\'' | sed '\''/ __gnu_lto/d'\'''
lt_cv_sys_global_symbol_to_c_name_address='sed -n -e '\''s/^: \(.*\) .*$/  {"\1", (void *) 0},/p'\'' -e '\''s/^[ABCDGIRSTW][ABCDGIRSTW]* .* \(.*\)$/  {"\1", (void *) \&\1},/p'\'''
lt_cv_sys_global_symbol_to_c_name_address_lib_prefix='sed -n -e '\''s/^: \(.*\) .*$/  {"\1", (void *) 0},/p'\'' -e '\''s/^[ABCDGIRSTW][ABCDGIRSTW]* .* \(lib.*\)$/  {"\1", (void *) \&\1},/p'\'' -e '\''s/^[ABCDGIRSTW][ABCDGIRSTW]* .* \(.*\)$/  {"lib\1", (void *) \&\1},/p'\'''
lt_cv_sys_global_symbol_to_cdecl='sed -n -e '\''s/^T .* \(.*\)$/extern int \1();/p'\'' -e '\''s/^[ABCDGIRSTW][ABCDGIRSTW]* .* \(.*\)$/extern char \1;/p'\'''
lt_cv_sys_global_symbol_to_import=
lt_cv_sys_max_cmd_len=24000
lt_cv_to_host_file_cmd=func_convert_file_noop
lt_cv_to_tool_file_cmd=func_convert_file_noop
lt_cv_truncate_bin='/usr/bin/dd bs=4096 count=1'
r_cv_OBJCXX=g++
r_cv_prog_cc_vis=yes
r_cv_prog_f77_vis=yes
r_cv_prog_texi2any_v5=yes
r_cv_visibility_attribute=no

## ----------------- ##
## Output variables. ##
## ----------------- ##

ACLOCAL='$(SHELL) $(top_srcdir)/tools/missing aclocal'
ALLOCA=''
AR='ar'
ARFLAGS='rc'
AUTOCONF='autoconf'
AUTOHEADER='$(SHELL) $(top_srcdir)/tools/missing autoheader'
AUTOMAKE='$(SHELL) $(top_srcdir)/tools/missing automake'
AWK='gawk'
BITMAP_CPPFLAGS=''
BITMAP_LIBS=''
BLAS_LIBS0=''
BLAS_LIBS=''
BLAS_SHLIB_FALSE=''
BLAS_SHLIB_TRUE=''
BUILDDIR_IS_SRCDIR='yes'
BUILD_AQUA_FALSE=''
BUILD_AQUA_TRUE=''
BUILD_CC=''
BUILD_DEVCAIRO_FALSE=''
BUILD_DEVCAIRO_TRUE=''
BUILD_HTML_FALSE=''
BUILD_HTML_TRUE='#'
BUILD_INCLUDED_LIBINTL=''
BUILD_LIBINTL_FALSE=''
BUILD_LIBINTL_TRUE=''
BUILD_LTO_FALSE=''
BUILD_LTO_TRUE='#'
BUILD_R=''
BUILD_TRE_FALSE=''
BUILD_TRE_TRUE=''
BUILD_TZONE_FALSE=''
BUILD_TZONE_TRUE=''
BUILD_X11_FALSE=''
BUILD_X11_TRUE=''
BUILD_XDR_FALSE=''
BUILD_XDR_TRUE=''
BYTE_COMPILE_PACKAGES_FALSE='#'
BYTE_COMPILE_PACKAGES_TRUE=''
CAIROX11_CPPFLAGS=''
CAIROX11_LIBS=''
CAIRO_CPPFLAGS=''
CAIRO_LIBS=''
CATOBJEXT=''
CC='gcc'
CFLAGS='-g -O2'
CFLAG_VISIBILITY=''
COMPILE_FORTRAN_DOUBLE_COMPLEX_FALSE=''
COMPILE_FORTRAN_DOUBLE_COMPLEX_TRUE=''
CPICFLAGS=''
CPP='gcc -E'
CPPFLAGS='-I/usr/local/include'
CROSS_COMPILING_FALSE=''
CROSS_COMPILING_TRUE='#'
CURL_CONFIG=''
CURL_CPPFLAGS=''
CURL_LIBS=''
CXX1X=''
CXX1XFLAGS=''
CXX1XPICFLAGS=''
CXX1XSTD=''
CXX='g++'
CXXCPP0='$(CXX) -E'
CXXCPP='g++ -E'
CXXFLAGS='-g -O2'
CXXPICFLAGS=''
C_VISIBILITY=''
DATADIRNAME=''
DEFS=''
DLLTOOL='dlltool'
DSYMUTIL=''
DUMPBIN=''
DYLIB_EXT=''
DYLIB_LD=''
DYLIB_LDFLAGS=''
DYLIB_UNDEFINED_ALLOWED_FALSE=''
DYLIB_UNDEFINED_ALLOWED_TRUE=''
ECHO_C=''
ECHO_N='-n'
ECHO_T=''
EGREP='/usr/bin/grep -E'
EXEEXT='.exe'
F77='gfortran'
F77_VISIBILITY=''
FC=''
FCFLAGS=''
FCFLAGS_f90=''
FCFLAGS_f95=''
FCLIBS=''
FCPICFLAGS=''
FFLAGS='-g -O2'
FGREP='/usr/bin/grep -F'
FLIBS=''
FLIBS_IN_SO=''
FOUNDATION_CPPFLAGS=''
FOUNDATION_LIBS=''
FPICFLAGS=''
FW_VERSION=''
GENCAT=''
GETWD='/usr/bin/pwd'
GLIBC21=''
GLIBC2=''
GREP='/usr/bin/grep'
HAVE_ASPRINTF=''
HAVE_CXX11=''
HAVE_FORTRAN_DOUBLE_COMPLEX=''
HAVE_POSIX_PRINTF=''
HAVE_SNPRINTF=''
HAVE_VISIBILITY=''
HAVE_WPRINTF=''
INSTALL_DATA='${INSTALL} -m 644'
INSTALL_INFO='/usr/bin/install-info'
INSTALL_PROGRAM='${INSTALL}'
INSTALL_SCRIPT='${INSTALL}'
INSTOBJEXT=''
INTERNET_LIBS=''
INTLBISON=''
INTLLIBS=''
INTLOBJS=''
INTL_LIBTOOL_SUFFIX_PREFIX=''
INTL_MACOSX_LIBS=''
JAR=''
JAVA=''
JAVAC=''
JAVAH=''
JAVA_CPPFLAGS0=''
JAVA_HOME=''
JAVA_LD_LIBRARY_PATH=''
JAVA_LIBS0=''
KPSEWHICH=''
LAPACK_LDFLAGS=''
LAPACK_LIBS=''
LD='c:/mingw/mingw32/bin/ld.exe'
LDFLAGS='-L/usr/local/lib'
LIBICONV=''
LIBINTL=''
LIBM='-lm'
LIBMULTITHREAD=''
LIBOBJS=''
LIBPTH=''
LIBPTH_PREFIX=''
LIBR0=''
LIBR1=''
LIBR_LDFLAGS=''
LIBS=''
LIBTHREAD=''
LIBTOOL='$(SHELL) $(top_builddir)/libtool'
LIBTOOL_DEPS='tools/ltmain.sh'
LIBnn='lib'
LIPO=''
LN_S='cp -pR'
LTLIBICONV=''
LTLIBINTL=''
LTLIBMULTITHREAD=''
LTLIBOBJS=''
LTLIBPTH=''
LTLIBTHREAD=''
LTO=''
LTOALL=''
LT_SYS_LIBRARY_PATH=''
MAINTAINER_MODE_FALSE=''
MAINTAINER_MODE_TRUE='#'
MAIN_CFLAGS=''
MAIN_FFLAGS=''
MAIN_LD=''
MAIN_LDFLAGS=''
MAJ_MIN_VERSION='3.3'
MAKE='make'
MAKEINDEX=''
MAKEINFO='/usr/bin/texi2any'
MANIFEST_TOOL=':'
MKDIR_P=''
NM='/usr/bin/nm -B'
NMEDIT=''
NOTANGLE='false'
OBJC='gcc'
OBJCFLAGS='-g -O2'
OBJCXX='g++'
OBJCXXFLAGS=''
OBJC_LIBS=''
OBJDUMP='objdump'
OBJEXT='o'
OPENMP_CFLAGS=''
OPENMP_CXXFLAGS=''
OPENMP_FCFLAGS=''
OPENMP_FFLAGS=''
OSF_SH_BUG=''
OTOOL64=''
OTOOL=''
PACKAGE='R'
PACKAGE_BUGREPORT='https://bugs.r-project.org'
PACKAGE_NAME='R'
PACKAGE_STRING='R 3.3.2'
PACKAGE_TARNAME='R'
PACKAGE_URL='https://www.r-project.org'
PACKAGE_VERSION='3.3.2'
PAGER='/usr/bin/less'
PAPERCONF=''
PATH_SEPARATOR=':'
PDFLATEX=''
PDFTEX=''
PKGCONF='/usr/bin/pkg-config'
PKG_CONFIG_LIBDIR=''
PKG_CONFIG_PATH='/usr/lib/pkgconfig:/usr/share/pkgconfig:/lib/pkgconfig'
POSUB=''
PRI_MACROS_BROKEN=''
RANLIB='ranlib'
RBLAS_LDFLAGS=''
READLINE_LIBS=''
REALPATH='/usr/bin/realpath'
RLAPACK_LDFLAGS=''
RMATH_HAVE_EXPM1=''
RMATH_HAVE_HYPOT=''
RMATH_HAVE_LOG1P=''
RMATH_HAVE_WORKING_LOG1P=''
R_ARCH=''
R_BATCHSAVE=''
R_BROWSER=''
R_BZIPCMD='/usr/bin/bzip2'
R_CONFIG_ARGS=' '\''PKG_CONFIG_PATH=/usr/lib/pkgconfig:/usr/share/pkgconfig:/lib/pkgconfig'\'''
R_DEFS=''
R_DYLIB_EXT=''
R_GZIPCMD='/usr/bin/gzip'
R_JAVA_LD_LIBRARY_PATH=''
R_LD_LIBRARY_PATH='/usr/local/lib'
R_OPENMP_CFLAGS=''
R_OPENMP_FFLAGS=''
R_OS='msys'
R_OSTYPE='unix'
R_PAPERSIZE=''
R_PDFVIEWER=''
R_PLATFORM='x86_64-pc-msys'
R_PRINTCMD=''
R_PROFILING=''
R_RD4PDF='times,inconsolata,hyper'
R_SHELL=''
R_SYSTEM_ABI=''
R_UNZIPCMD='/usr/bin/unzip'
R_XTRA_CFLAGS=''
R_XTRA_CPPFLAGS2='-I$(R_INCLUDE_DIR)'
R_XTRA_CPPFLAGS=''
R_XTRA_CXXFLAGS=''
R_XTRA_FFLAGS=''
R_XTRA_LIBS=''
R_ZIPCMD='/usr/bin/zip'
Rshlibpath_var=''
SAFE_FFLAGS=''
SED='/usr/bin/sed'
SHELL='/bin/sh'
SHLIB_CFLAGS=''
SHLIB_CXX1XLD=''
SHLIB_CXX1XLDFLAGS=''
SHLIB_CXXFLAGS=''
SHLIB_CXXLD=''
SHLIB_CXXLDFLAGS=''
SHLIB_EXT=''
SHLIB_FCLD=''
SHLIB_FCLDFLAGS=''
SHLIB_FFLAGS=''
SHLIB_LD=''
SHLIB_LDFLAGS=''
SHLIB_LIBADD=''
SHLIB_OPENMP_CFLAGS=''
SHLIB_OPENMP_CXXFLAGS=''
SHLIB_OPENMP_FCFLAGS=''
SHLIB_OPENMP_FFLAGS=''
STATICR1=''
STATICR2=''
STRIP='strip'
TAR='/usr/bin/tar'
TCLTK_CPPFLAGS=''
TCLTK_LIBS=''
TCL_CONFIG=''
TEX=''
TEXI2DVI='/usr/bin/texi2dvi'
TEXI2DVICMD='/usr/bin/texi2dvi'
TIRPC_CPPFLAGS=''
TK_CONFIG=''
USE_EXPORTFILES_FALSE=''
USE_EXPORTFILES_TRUE=''
USE_EXTERNAL_BLAS_FALSE=''
USE_EXTERNAL_BLAS_TRUE=''
USE_EXTERNAL_LAPACK_FALSE=''
USE_EXTERNAL_LAPACK_TRUE=''
USE_ICU=''
USE_ICU_APPLE=''
USE_INCLUDED_LIBINTL=''
USE_MMAP_ZLIB_FALSE=''
USE_MMAP_ZLIB_TRUE=''
USE_NLS=''
USE_NLS_FALSE=''
USE_NLS_TRUE=''
USE_RECOMMENDED_PACKAGES_FALSE=''
USE_RECOMMENDED_PACKAGES_TRUE=''
USE_VECLIB_G95FIX_FALSE=''
USE_VECLIB_G95FIX_TRUE=''
VERSION='3.3.2'
WANT_JAVA_FALSE='#'
WANT_JAVA_TRUE=''
WANT_R_FRAMEWORK_FALSE=''
WANT_R_FRAMEWORK_TRUE='#'
WANT_R_SHLIB_FALSE=''
WANT_R_SHLIB_TRUE='#'
WANT_R_STATIC_FALSE=''
WANT_R_STATIC_TRUE='#'
WHICH='/usr/bin/which'
WOE32DLL=''
XMKMF=''
XTRA_INTL_CPPFLAGS=''
X_CFLAGS=''
X_EXTRA_LIBS=''
X_LIBS=''
X_PRE_LIBS=''
YACC='bison -y'
YFLAGS=''
ac_ct_AR=''
ac_ct_CC='gcc'
ac_ct_CXX='g++'
ac_ct_DUMPBIN=''
ac_ct_F77=''
ac_ct_FC=''
ac_ct_OBJC='gcc'
bindir='${exec_prefix}/bin'
build='x86_64-pc-msys'
build_alias='x86_64-pc-msys'
build_cpu='x86_64'
build_os='msys'
build_vendor='pc'
config_opts=' '\''PKG_CONFIG_PATH=/usr/lib/pkgconfig:/usr/share/pkgconfig:/lib/pkgconfig'\'''
custom_JAVA_CPPFLAGS=''
custom_JAVA_HOME=''
custom_JAVA_LD_LIBRARY_PATH=''
custom_JAVA_LIBS=''
datadir='${datarootdir}'
datarootdir='${prefix}/share'
docdir='${datarootdir}/doc/${PACKAGE_TARNAME}'
dvidir='${docdir}'
exec_prefix='NONE'
host='x86_64-pc-msys'
host_alias=''
host_cpu='x86_64'
host_os='msys'
host_vendor='pc'
htmldir='${docdir}'
includedir='${prefix}/include'
infodir='${datarootdir}/info'
libdir='${exec_prefix}/${LIBnn}'
libexecdir='${exec_prefix}/libexec'
localedir='${datarootdir}/locale'
localstatedir='${prefix}/var'
mandir='${datarootdir}/man'
mkdir_p=''
oldincludedir='/usr/include'
pdfdir='${docdir}'
prefix='/usr'
program_transform_name='s,x,x,'
psdir='${docdir}'
r_arch=''
rdocdir='${rhome}/doc'
rincludedir='${rhome}/include'
rsharedir='${rhome}/share'
sbindir='${exec_prefix}/sbin'
sharedstatedir='${prefix}/com'
shlibpath_var=''
striplib='strip --strip-unneeded'
stripstaticlib='strip --strip-debug'
sysconfdir='${prefix}/etc'
target_alias=''
use_tcltk=''

## ------------------- ##
## File substitutions. ##
## ------------------- ##

r_cc_lo_rules_frag=''
r_cc_rules_frag=''
r_cxx_rules_frag=''
r_objc_rules_frag=''

## ----------- ##
## confdefs.h. ##
## ----------- ##

/* confdefs.h */
#define PACKAGE_NAME "R"
#define PACKAGE_TARNAME "R"
#define PACKAGE_VERSION "3.3.2"
#define PACKAGE_STRING "R 3.3.2"
#define PACKAGE_BUGREPORT "https://bugs.r-project.org"
#define PACKAGE_URL "https://www.r-project.org"
#define PACKAGE "R"
#define VERSION "3.3.2"
#define R_PLATFORM "x86_64-pc-msys"
#define R_CPU "x86_64"
#define R_VENDOR "pc"
#define R_OS "msys"
#define Unix 1
#define R_ARCH ""
#define STDC_HEADERS 1
#define HAVE_SYS_TYPES_H 1
#define HAVE_SYS_STAT_H 1
#define HAVE_STDLIB_H 1
#define HAVE_STRING_H 1
#define HAVE_MEMORY_H 1
#define HAVE_STRINGS_H 1
#define HAVE_INTTYPES_H 1
#define HAVE_STDINT_H 1
#define HAVE_UNISTD_H 1
#define __EXTENSIONS__ 1
#define _ALL_SOURCE 1
#define _GNU_SOURCE 1
#define _POSIX_PTHREAD_SEMANTICS 1
#define _TANDEM_SOURCE 1
#define HAVE_DLFCN_H 1
#define LT_OBJDIR ".libs/"
#define HAVE_LIBM 1

configure: exit 1
